#
# There is insufficient memory for the Java Runtime Environment to continue.
# Native memory allocation (malloc) failed to allocate 1292496 bytes for Chunk::new
# Possible reasons:
#   The system is out of physical RAM or swap space
#   The process is running with CompressedOops enabled, and the Java Heap may be blocking the growth of the native heap
# Possible solutions:
#   Reduce memory load on the system
#   Increase physical memory or swap space
#   Check if swap backing store is full
#   Decrease Java heap size (-Xmx/-Xms)
#   Decrease number of Java threads
#   Decrease Java thread stack sizes (-Xss)
#   Set larger code cache with -XX:ReservedCodeCacheSize=
#   JVM is running with Unscaled Compressed Oops mode in which the Java heap is
#     placed in the first 4GB address space. The Java Heap base address is the
#     maximum limit for the native heap growth. Please use -XX:HeapBaseMinAddress
#     to set the Java Heap base and to place the Java Heap above 4GB virtual address.
# This output file may be truncated or incomplete.
#
#  Out of Memory Error (allocation.cpp:389), pid=10916, tid=0x00000000000019f8
#
# JRE version: OpenJDK Runtime Environment (8.0_242-b01) (build 1.8.0_242-release-1644-b01)
# Java VM: OpenJDK 64-Bit Server VM (25.242-b01 mixed mode windows-amd64 compressed oops)
# Failed to write core dump. Minidumps are not enabled by default on client versions of Windows
#

---------------  T H R E A D  ---------------

Current thread (0x0000000017e4d800):  JavaThread "C2 CompilerThread1" daemon [_thread_in_native, id=6648, stack(0x00000000195a0000,0x00000000196a0000)]

Stack: [0x00000000195a0000,0x00000000196a0000]
[error occurred during error reporting (printing stack bounds), id 0xc0000005]

Native frames: (J=compiled Java code, j=interpreted, Vv=VM code, C=native code)


Current CompileTask:
C2:1064727 13707 %     4       com.sun.imageio.plugins.png.PNGImageWriter::encodePass @ 790 (1063 bytes)


---------------  P R O C E S S  ---------------

Java Threads: ( => current thread )
  0x0000000021657800 JavaThread "stdout" [_thread_in_native, id=11504, stack(0x000000002f360000,0x000000002f460000)]
  0x0000000021658000 JavaThread "stderr" [_thread_in_native, id=1972, stack(0x000000002f260000,0x000000002f360000)]
  0x000000002165b000 JavaThread "stdout" [_thread_in_native, id=5108, stack(0x000000002f160000,0x000000002f260000)]
  0x0000000021656000 JavaThread "stderr" [_thread_in_native, id=9916, stack(0x000000002f060000,0x000000002f160000)]
  0x000000001a126000 JavaThread "stdout" [_thread_in_native, id=6292, stack(0x000000002ef60000,0x000000002f060000)]
  0x0000000020d5b000 JavaThread "stderr" [_thread_in_native, id=11236, stack(0x000000002ee60000,0x000000002ef60000)]
  0x0000000020d58000 JavaThread "pool-8-thread-1" [_thread_blocked, id=10944, stack(0x000000002ed60000,0x000000002ee60000)]
  0x0000000020d4e000 JavaThread "MarlinRenderer Disposer" daemon [_thread_blocked, id=13244, stack(0x000000002e7b0000,0x000000002e8b0000)]
  0x0000000020d55000 JavaThread "Java2D Disposer" daemon [_thread_blocked, id=9684, stack(0x000000002e600000,0x000000002e700000)]
  0x000000001fab9000 JavaThread "WorkerExecutor Queue Thread 4" [_thread_blocked, id=2792, stack(0x000000002ddb0000,0x000000002deb0000)]
  0x000000001fab8000 JavaThread "WorkerExecutor Queue Thread 3" [_thread_blocked, id=988, stack(0x000000002e300000,0x000000002e400000)]
  0x000000001fab7800 JavaThread "WorkerExecutor Queue Thread 2" [_thread_in_Java, id=2280, stack(0x000000002e200000,0x000000002e300000)]
  0x000000001fab0000 JavaThread "WorkerExecutor Queue" [_thread_blocked, id=3340, stack(0x000000002e100000,0x000000002e200000)]
  0x0000000021002800 JavaThread "Cache worker for execution history cache (C:\Users\Landon W\AndroidStudioProjects\HachGSUFall2020\.gradle\6.5\executionHistory)" [_thread_blocked, id=8412, stack(0x000000002dab0000,0x000000002dbb0000)]
  0x0000000021003000 JavaThread "Execution worker for ':' Thread 3" [_thread_blocked, id=12096, stack(0x000000002d2e0000,0x000000002d3e0000)]
  0x0000000021004000 JavaThread "Execution worker for ':' Thread 2" [_thread_blocked, id=8060, stack(0x000000002b5d0000,0x000000002b6d0000)]
  0x0000000021001800 JavaThread "Execution worker for ':'" [_thread_blocked, id=4312, stack(0x000000002b4d0000,0x000000002b5d0000)]
  0x0000000021004800 JavaThread "Cache worker for file content cache (C:\Users\Landon W\AndroidStudioProjects\HachGSUFall2020\.gradle\6.5\fileContent)" [_thread_blocked, id=7512, stack(0x000000002b1c0000,0x000000002b2c0000)]
  0x0000000020ff9800 JavaThread "Cache worker for Build Output Cleanup Cache (C:\Users\Landon W\AndroidStudioProjects\HachGSUFall2020\.gradle\buildOutputCleanup)" [_thread_blocked, id=1984, stack(0x00000000229c0000,0x0000000022ac0000)]
  0x0000000021000000 JavaThread "Build operations Thread 4" [_thread_blocked, id=12632, stack(0x00000000228c0000,0x00000000229c0000)]
  0x0000000020fff800 JavaThread "Build operations Thread 3" [_thread_blocked, id=12712, stack(0x00000000227c0000,0x00000000228c0000)]
  0x0000000020ff8000 JavaThread "Build operations Thread 2" [_thread_blocked, id=5400, stack(0x00000000226c0000,0x00000000227c0000)]
  0x0000000020ffe800 JavaThread "Build operations" [_thread_blocked, id=9592, stack(0x00000000225c0000,0x00000000226c0000)]
  0x0000000020ffe000 JavaThread "Cache worker for cache directory md-rule (C:\Users\Landon W\.gradle\caches\6.5\md-rule)" [_thread_blocked, id=2404, stack(0x0000000020160000,0x0000000020260000)]
  0x0000000020ff8800 JavaThread "Cache worker for cache directory md-supplier (C:\Users\Landon W\.gradle\caches\6.5\md-supplier)" [_thread_blocked, id=6356, stack(0x000000001d8c0000,0x000000001d9c0000)]
  0x0000000020ff6000 JavaThread "Cache worker for checksums cache (C:\Users\Landon W\AndroidStudioProjects\HachGSUFall2020\.gradle\checksums)" [_thread_blocked, id=7764, stack(0x000000001d7c0000,0x000000001d8c0000)]
  0x0000000020ff7000 JavaThread "Cache worker for file hash cache (C:\Users\Landon W\AndroidStudioProjects\HachGSUFall2020\.gradle\6.5\fileHashes)" [_thread_blocked, id=10792, stack(0x000000001d6c0000,0x000000001d7c0000)]
  0x0000000020ffd000 JavaThread "Thread-355" [_thread_blocked, id=12472, stack(0x000000001d5c0000,0x000000001d6c0000)]
  0x0000000020ff5800 JavaThread "Stdin handler" [_thread_blocked, id=11348, stack(0x000000001d4c0000,0x000000001d5c0000)]
  0x0000000020ffa000 JavaThread "Asynchronous log dispatcher for DefaultDaemonConnection: socket connection from /127.0.0.1:2636 to /127.0.0.1:3203" [_thread_blocked, id=9532, stack(0x000000001d3c0000,0x000000001d4c0000)]
  0x0000000020ffb000 JavaThread "Cancel handler" [_thread_blocked, id=1840, stack(0x0000000001580000,0x0000000001680000)]
  0x0000000020ffb800 JavaThread "Handler for socket connection from /127.0.0.1:2636 to /127.0.0.1:3203" [_thread_in_native, id=1844, stack(0x0000000001480000,0x0000000001580000)]
  0x000000001c200000 JavaThread "jar transforms Thread 276" [_thread_blocked, id=7828, stack(0x000000002afa0000,0x000000002b0a0000)]
  0x000000001c201800 JavaThread "jar transforms Thread 275" [_thread_blocked, id=12492, stack(0x0000000028e40000,0x0000000028f40000)]
  0x000000001c201000 JavaThread "jar transforms Thread 274" [_thread_blocked, id=8120, stack(0x0000000028d40000,0x0000000028e40000)]
  0x000000001c1fb000 JavaThread "jar transforms Thread 273" [_thread_blocked, id=8996, stack(0x0000000028c40000,0x0000000028d40000)]
  0x000000001c1ff800 JavaThread "jar transforms Thread 272" [_thread_blocked, id=8988, stack(0x0000000028b40000,0x0000000028c40000)]
  0x000000001c1fa000 JavaThread "jar transforms Thread 271" [_thread_blocked, id=12584, stack(0x0000000028a40000,0x0000000028b40000)]
  0x000000001c1fe800 JavaThread "jar transforms Thread 270" [_thread_blocked, id=11988, stack(0x0000000028940000,0x0000000028a40000)]
  0x000000001c1fe000 JavaThread "jar transforms Thread 269" [_thread_blocked, id=12064, stack(0x0000000028840000,0x0000000028940000)]
  0x000000001c1fd000 JavaThread "jar transforms Thread 268" [_thread_blocked, id=11016, stack(0x0000000028740000,0x0000000028840000)]
  0x000000001c1fc800 JavaThread "jar transforms Thread 267" [_thread_blocked, id=12764, stack(0x0000000028640000,0x0000000028740000)]
  0x000000001c1f2800 JavaThread "jar transforms Thread 266" [_thread_blocked, id=5884, stack(0x0000000028540000,0x0000000028640000)]
  0x000000001c1f7000 JavaThread "jar transforms Thread 265" [_thread_blocked, id=8636, stack(0x0000000028440000,0x0000000028540000)]
  0x000000001c1f8800 JavaThread "jar transforms Thread 264" [_thread_blocked, id=6476, stack(0x0000000028340000,0x0000000028440000)]
  0x000000001c1f4800 JavaThread "jar transforms Thread 263" [_thread_blocked, id=1520, stack(0x0000000028240000,0x0000000028340000)]
  0x000000001c1f9800 JavaThread "jar transforms Thread 262" [_thread_blocked, id=9660, stack(0x0000000028140000,0x0000000028240000)]
  0x000000001c1f6800 JavaThread "jar transforms Thread 261" [_thread_blocked, id=4792, stack(0x0000000028040000,0x0000000028140000)]
  0x000000001c1f5800 JavaThread "jar transforms Thread 260" [_thread_blocked, id=5092, stack(0x0000000027f40000,0x0000000028040000)]
  0x000000001c1f8000 JavaThread "jar transforms Thread 259" [_thread_blocked, id=11288, stack(0x0000000027e40000,0x0000000027f40000)]
  0x000000001c1f4000 JavaThread "jar transforms Thread 258" [_thread_blocked, id=12772, stack(0x0000000027d40000,0x0000000027e40000)]
  0x000000001c1f3000 JavaThread "jar transforms Thread 257" [_thread_blocked, id=7720, stack(0x0000000027c40000,0x0000000027d40000)]
  0x000000001ff7a800 JavaThread "jar transforms Thread 256" [_thread_blocked, id=9732, stack(0x0000000027b40000,0x0000000027c40000)]
  0x000000001ff7a000 JavaThread "jar transforms Thread 255" [_thread_blocked, id=12948, stack(0x0000000027a40000,0x0000000027b40000)]
  0x000000001ff7b800 JavaThread "jar transforms Thread 254" [_thread_blocked, id=1376, stack(0x0000000027940000,0x0000000027a40000)]
  0x000000001ff79000 JavaThread "jar transforms Thread 253" [_thread_blocked, id=8220, stack(0x0000000027840000,0x0000000027940000)]
  0x000000001ff71800 JavaThread "jar transforms Thread 252" [_thread_blocked, id=11196, stack(0x0000000027740000,0x0000000027840000)]
  0x000000001ff78800 JavaThread "jar transforms Thread 251" [_thread_blocked, id=4900, stack(0x0000000027640000,0x0000000027740000)]
  0x000000001ff71000 JavaThread "jar transforms Thread 250" [_thread_blocked, id=5840, stack(0x0000000027540000,0x0000000027640000)]
  0x000000001ff77800 JavaThread "jar transforms Thread 249" [_thread_blocked, id=1640, stack(0x0000000027440000,0x0000000027540000)]
  0x000000001ff77000 JavaThread "jar transforms Thread 248" [_thread_blocked, id=11604, stack(0x0000000027340000,0x0000000027440000)]
  0x000000001ff76000 JavaThread "jar transforms Thread 247" [_thread_blocked, id=10312, stack(0x0000000027240000,0x0000000027340000)]
  0x000000001ff6e800 JavaThread "jar transforms Thread 246" [_thread_blocked, id=12784, stack(0x0000000027140000,0x0000000027240000)]
  0x000000001ff75800 JavaThread "jar transforms Thread 245" [_thread_blocked, id=4980, stack(0x0000000027040000,0x0000000027140000)]
  0x000000001ff74800 JavaThread "jar transforms Thread 244" [_thread_blocked, id=13088, stack(0x0000000026f40000,0x0000000027040000)]
  0x000000001ff6d000 JavaThread "jar transforms Thread 243" [_thread_blocked, id=11396, stack(0x0000000026e40000,0x0000000026f40000)]
  0x000000001ff6e000 JavaThread "jar transforms Thread 242" [_thread_blocked, id=12708, stack(0x0000000026d40000,0x0000000026e40000)]
  0x000000001ff74000 JavaThread "jar transforms Thread 241" [_thread_blocked, id=11060, stack(0x0000000026c40000,0x0000000026d40000)]
  0x000000001ff6f800 JavaThread "jar transforms Thread 240" [_thread_blocked, id=9920, stack(0x0000000026b40000,0x0000000026c40000)]
  0x000000001ff6c800 JavaThread "jar transforms Thread 239" [_thread_blocked, id=1300, stack(0x0000000026a40000,0x0000000026b40000)]
  0x000000001ff73000 JavaThread "jar transforms Thread 238" [_thread_blocked, id=13016, stack(0x0000000026940000,0x0000000026a40000)]
  0x000000001ff70000 JavaThread "jar transforms Thread 237" [_thread_blocked, id=3364, stack(0x0000000026840000,0x0000000026940000)]
  0x000000001ff72800 JavaThread "jar transforms Thread 236" [_thread_blocked, id=9412, stack(0x0000000026740000,0x0000000026840000)]
  0x0000000017e5d000 JavaThread "jar transforms Thread 235" [_thread_blocked, id=4100, stack(0x0000000026640000,0x0000000026740000)]
  0x0000000017e63800 JavaThread "jar transforms Thread 234" [_thread_blocked, id=7800, stack(0x0000000026540000,0x0000000026640000)]
  0x0000000017e63000 JavaThread "jar transforms Thread 233" [_thread_blocked, id=3912, stack(0x0000000026440000,0x0000000026540000)]
  0x0000000017e60800 JavaThread "jar transforms Thread 232" [_thread_blocked, id=1308, stack(0x0000000026340000,0x0000000026440000)]
  0x0000000017e5e800 JavaThread "jar transforms Thread 231" [_thread_blocked, id=8200, stack(0x0000000026240000,0x0000000026340000)]
  0x0000000017e62000 JavaThread "jar transforms Thread 230" [_thread_blocked, id=1608, stack(0x0000000026140000,0x0000000026240000)]
  0x000000001a12d800 JavaThread "jar transforms Thread 229" [_thread_blocked, id=3720, stack(0x0000000026040000,0x0000000026140000)]
  0x000000001a12d000 JavaThread "jar transforms Thread 228" [_thread_blocked, id=6400, stack(0x0000000025f40000,0x0000000026040000)]
  0x000000001a12c000 JavaThread "jar transforms Thread 227" [_thread_blocked, id=9148, stack(0x0000000025e40000,0x0000000025f40000)]
  0x000000001a12a800 JavaThread "jar transforms Thread 226" [_thread_blocked, id=2664, stack(0x0000000025d40000,0x0000000025e40000)]
  0x000000001a12b800 JavaThread "jar transforms Thread 225" [_thread_blocked, id=400, stack(0x0000000025c40000,0x0000000025d40000)]
  0x000000001a121800 JavaThread "jar transforms Thread 224" [_thread_blocked, id=8136, stack(0x0000000025b40000,0x0000000025c40000)]
  0x000000001a120000 JavaThread "jar transforms Thread 223" [_thread_blocked, id=11416, stack(0x0000000025a40000,0x0000000025b40000)]
  0x000000001a11f800 JavaThread "jar transforms Thread 222" [_thread_blocked, id=6724, stack(0x0000000025940000,0x0000000025a40000)]
  0x000000001a125800 JavaThread "jar transforms Thread 221" [_thread_blocked, id=7464, stack(0x0000000025840000,0x0000000025940000)]
  0x000000001a121000 JavaThread "jar transforms Thread 220" [_thread_blocked, id=1512, stack(0x0000000025740000,0x0000000025840000)]
  0x000000001fe21800 JavaThread "jar transforms Thread 219" [_thread_blocked, id=3968, stack(0x0000000025640000,0x0000000025740000)]
  0x000000001fe23000 JavaThread "jar transforms Thread 218" [_thread_blocked, id=2236, stack(0x0000000025540000,0x0000000025640000)]
  0x000000001fe27000 JavaThread "jar transforms Thread 217" [_thread_blocked, id=6324, stack(0x0000000025440000,0x0000000025540000)]
  0x000000001fe26000 JavaThread "jar transforms Thread 216" [_thread_blocked, id=12232, stack(0x0000000025340000,0x0000000025440000)]
  0x000000001fe28800 JavaThread "jar transforms Thread 215" [_thread_blocked, id=1852, stack(0x0000000025240000,0x0000000025340000)]
  0x000000001fe25800 JavaThread "jar transforms Thread 214" [_thread_blocked, id=1100, stack(0x0000000025140000,0x0000000025240000)]
  0x000000001fe22000 JavaThread "jar transforms Thread 213" [_thread_blocked, id=864, stack(0x0000000025040000,0x0000000025140000)]
  0x000000001fe20800 JavaThread "jar transforms Thread 212" [_thread_blocked, id=11344, stack(0x0000000024f40000,0x0000000025040000)]
  0x000000001fe19000 JavaThread "jar transforms Thread 211" [_thread_blocked, id=6072, stack(0x0000000024e40000,0x0000000024f40000)]
  0x000000001fe20000 JavaThread "jar transforms Thread 210" [_thread_blocked, id=12896, stack(0x0000000024d40000,0x0000000024e40000)]
  0x000000001fe1d800 JavaThread "jar transforms Thread 209" [_thread_blocked, id=5296, stack(0x0000000024c40000,0x0000000024d40000)]
  0x000000001fe1c000 JavaThread "jar transforms Thread 208" [_thread_blocked, id=11012, stack(0x0000000024320000,0x0000000024420000)]
  0x000000001fe1a800 JavaThread "jar transforms Thread 207" [_thread_blocked, id=11700, stack(0x0000000023fe0000,0x00000000240e0000)]
  0x000000001fe1a000 JavaThread "jar transforms Thread 206" [_thread_blocked, id=7256, stack(0x0000000023ac0000,0x0000000023bc0000)]
  0x000000001fe1f000 JavaThread "jar transforms Thread 205" [_thread_blocked, id=10904, stack(0x00000000231c0000,0x00000000232c0000)]
  0x0000000020d55800 JavaThread "jar transforms Thread 204" [_thread_blocked, id=9968, stack(0x0000000022cc0000,0x0000000022dc0000)]
  0x0000000020d59800 JavaThread "jar transforms Thread 203" [_thread_blocked, id=3236, stack(0x0000000022bc0000,0x0000000022cc0000)]
  0x0000000020d5c800 JavaThread "jar transforms Thread 202" [_thread_blocked, id=11832, stack(0x0000000022ac0000,0x0000000022bc0000)]
  0x0000000020d4d800 JavaThread "jar transforms Thread 201" [_thread_blocked, id=5176, stack(0x00000000224c0000,0x00000000225c0000)]
  0x0000000020d54000 JavaThread "jar transforms Thread 200" [_thread_blocked, id=1944, stack(0x00000000223c0000,0x00000000224c0000)]
  0x0000000020d53800 JavaThread "jar transforms Thread 199" [_thread_blocked, id=12268, stack(0x00000000222c0000,0x00000000223c0000)]
  0x0000000020d52800 JavaThread "jar transforms Thread 198" [_thread_blocked, id=5752, stack(0x00000000221c0000,0x00000000222c0000)]
  0x0000000020d52000 JavaThread "jar transforms Thread 197" [_thread_blocked, id=12544, stack(0x00000000220c0000,0x00000000221c0000)]
  0x0000000020d51000 JavaThread "jar transforms Thread 196" [_thread_blocked, id=9500, stack(0x0000000021fc0000,0x00000000220c0000)]
  0x0000000020d4f800 JavaThread "jar transforms Thread 195" [_thread_blocked, id=1900, stack(0x0000000021ec0000,0x0000000021fc0000)]
  0x0000000020d50800 JavaThread "jar transforms Thread 194" [_thread_blocked, id=1712, stack(0x0000000021dc0000,0x0000000021ec0000)]
  0x000000001fabc800 JavaThread "jar transforms Thread 193" [_thread_blocked, id=12484, stack(0x0000000021cc0000,0x0000000021dc0000)]
  0x000000001fabf000 JavaThread "jar transforms Thread 192" [_thread_blocked, id=13000, stack(0x0000000021bc0000,0x0000000021cc0000)]
  0x000000001fabc000 JavaThread "jar transforms Thread 191" [_thread_blocked, id=6188, stack(0x0000000021ac0000,0x0000000021bc0000)]
  0x000000001fabb000 JavaThread "jar transforms Thread 190" [_thread_blocked, id=5636, stack(0x00000000219c0000,0x0000000021ac0000)]
  0x000000001fabe000 JavaThread "jar transforms Thread 189" [_thread_blocked, id=7356, stack(0x00000000218c0000,0x00000000219c0000)]
  0x000000001faba800 JavaThread "jar transforms Thread 188" [_thread_blocked, id=8756, stack(0x00000000217c0000,0x00000000218c0000)]
  0x000000001fab9800 JavaThread "jar transforms Thread 187" [_thread_blocked, id=8632, stack(0x0000000020460000,0x0000000020560000)]
  0x000000001fabd800 JavaThread "jar transforms Thread 186" [_thread_blocked, id=3880, stack(0x0000000020360000,0x0000000020460000)]
  0x000000001fab2000 JavaThread "jar transforms Thread 185" [_thread_blocked, id=2228, stack(0x0000000020260000,0x0000000020360000)]
  0x000000001fab6000 JavaThread "Daemon worker Thread 3" [_thread_blocked, id=11632, stack(0x000000001d1c0000,0x000000001d2c0000)]
  0x000000001fab1800 JavaThread "Daemon Thread 3" [_thread_blocked, id=12556, stack(0x0000000001380000,0x0000000001480000)]
  0x0000000020d56800 JavaThread "Memory manager" [_thread_blocked, id=9956, stack(0x000000002b0c0000,0x000000002b1c0000)]
  0x000000001a124800 JavaThread "Cache worker for file content cache (C:\Users\Landon W\.gradle\caches\6.5\fileContent)" [_thread_blocked, id=1312, stack(0x00000000239c0000,0x0000000023ac0000)]
  0x000000001a122800 JavaThread "Cache worker for execution history cache (C:\Users\Landon W\.gradle\caches\6.5\executionHistory)" [_thread_blocked, id=9884, stack(0x00000000234c0000,0x00000000235c0000)]
  0x0000000017e61800 JavaThread "Cache worker for file hash cache (C:\Users\Landon W\.gradle\caches\6.5\fileHashes)" [_thread_blocked, id=11904, stack(0x000000001dec0000,0x000000001dfc0000)]
  0x0000000017e60000 JavaThread "File lock request listener" [_thread_in_native, id=9948, stack(0x000000001ddc0000,0x000000001dec0000)]
  0x0000000017e5f000 JavaThread "Cache worker for journal cache (C:\Users\Landon W\.gradle\caches\journal-1)" [_thread_blocked, id=10748, stack(0x000000001dbc0000,0x000000001dcc0000)]
  0x000000001b886000 JavaThread "Daemon periodic checks" [_thread_blocked, id=2264, stack(0x000000001d2c0000,0x000000001d3c0000)]
  0x000000001b94f000 JavaThread "Incoming local TCP Connector on port 2636" [_thread_in_native, id=9736, stack(0x000000001cd80000,0x000000001ce80000)]
  0x000000001b423000 JavaThread "Daemon health stats" [_thread_blocked, id=9116, stack(0x000000001c740000,0x000000001c840000)]
  0x00000000197e2800 JavaThread "Service Thread" daemon [_thread_blocked, id=10772, stack(0x0000000019ba0000,0x0000000019ca0000)]
  0x0000000017e5d800 JavaThread "C1 CompilerThread2" daemon [_thread_blocked, id=6192, stack(0x00000000196a0000,0x00000000197a0000)]
=>0x0000000017e4d800 JavaThread "C2 CompilerThread1" daemon [_thread_in_native, id=6648, stack(0x00000000195a0000,0x00000000196a0000)]
  0x0000000017e47800 JavaThread "C2 CompilerThread0" daemon [_thread_in_native, id=9808, stack(0x00000000194a0000,0x00000000195a0000)]
  0x0000000017e46000 JavaThread "Attach Listener" daemon [_thread_blocked, id=9132, stack(0x00000000193a0000,0x00000000194a0000)]
  0x0000000017e42800 JavaThread "Signal Dispatcher" daemon [_thread_blocked, id=4344, stack(0x00000000192a0000,0x00000000193a0000)]
  0x0000000017e29000 JavaThread "Finalizer" daemon [_thread_blocked, id=9160, stack(0x00000000190a0000,0x00000000191a0000)]
  0x0000000003112000 JavaThread "Reference Handler" daemon [_thread_blocked, id=3712, stack(0x0000000018fa0000,0x00000000190a0000)]
  0x000000000321e800 JavaThread "main" [_thread_blocked, id=952, stack(0x0000000002e20000,0x0000000002f20000)]

Other Threads:
  0x0000000017e05800 VMThread [stack: 0x0000000018ea0000,0x0000000018fa0000] [id=5668]
  0x00000000197e5000 WatcherThread [stack: 0x0000000019ca0000,0x0000000019da0000] [id=2300]

VM state:not at safepoint (normal execution)

VM Mutex/Monitor currently owned by a thread: None

heap address: 0x0000000080000000, size: 2048 MB, Compressed Oops mode: 32-bit
Narrow klass base: 0x0000000000000000, Narrow klass shift: 3
Compressed class space size: 1073741824 Address: 0x0000000100000000

Heap:
 PSYoungGen      total 543744K, used 137183K [0x00000000d5580000, 0x0000000100000000, 0x0000000100000000)
  eden space 510976K, 20% used [0x00000000d5580000,0x00000000dbb7f6d8,0x00000000f4880000)
  from space 32768K, 99% used [0x00000000f4880000,0x00000000f68788d8,0x00000000f6880000)
  to   space 45056K, 0% used [0x00000000fd400000,0x00000000fd400000,0x0000000100000000)
 ParOldGen       total 117760K, used 65153K [0x0000000080000000, 0x0000000087300000, 0x00000000d5580000)
  object space 117760K, 55% used [0x0000000080000000,0x0000000083fa07d0,0x0000000087300000)
 Metaspace       used 90402K, capacity 95422K, committed 95576K, reserved 1132544K
  class space    used 11841K, capacity 12904K, committed 12928K, reserved 1048576K

Card table byte_map: [0x00000000125e0000,0x00000000129f0000] byte_map_base: 0x00000000121e0000

Marking Bits: (ParMarkBitMap*) 0x0000000055bff030
 Begin Bits: [0x00000000130a0000, 0x00000000150a0000)
 End Bits:   [0x00000000150a0000, 0x00000000170a0000)

Polling page: 0x0000000000df0000

CodeCache: size=245760Kb used=41388Kb max_used=41388Kb free=204371Kb
 bounds [0x0000000003220000, 0x0000000005ac0000, 0x0000000012220000]
 total_blobs=13094 nmethods=12135 adapters=871
 compilation: enabled

Compilation events (10 events):
Event: 1064.485 Thread 0x0000000017e5d800 nmethod 14008 0x0000000005aaf310 code [0x0000000005aaf4c0, 0x0000000005aaf918]
Event: 1064.485 Thread 0x0000000017e5d800 14002       2       java.io.ObjectInputStream::readChar (8 bytes)
Event: 1064.486 Thread 0x0000000017e5d800 nmethod 14002 0x0000000005aafbd0 code [0x0000000005aafd40, 0x0000000005aafec8]
Event: 1064.486 Thread 0x0000000017e5d800 14003       2       java.io.ObjectInputStream$BlockDataInputStream::readChar (73 bytes)
Event: 1064.486 Thread 0x0000000017e5d800 nmethod 14003 0x0000000005aaff90 code [0x0000000005ab0100, 0x0000000005ab0358]
Event: 1064.494 Thread 0x0000000017e5d800 14011       1       org.gradle.execution.plan.Node::getMutationInfo (5 bytes)
Event: 1064.494 Thread 0x0000000017e5d800 nmethod 14011 0x0000000005a2a950 code [0x0000000005a2aaa0, 0x0000000005a2abb0]
Event: 1064.534 Thread 0x0000000017e5d800 14012       2       sun.nio.cs.StreamEncoder::<init> (23 bytes)
Event: 1064.535 Thread 0x0000000017e5d800 nmethod 14012 0x0000000005ab0510 code [0x0000000005ab0680, 0x0000000005ab0878]
Event: 1064.721 Thread 0x0000000017e5d800 14013       2       java.lang.Thread::exit (51 bytes)

GC Heap History (10 events):
Event: 9.323 GC heap before
{Heap before GC invocations=10 (full 2):
 PSYoungGen      total 275968K, used 260096K [0x00000000d5580000, 0x00000000f1080000, 0x0000000100000000)
  eden space 260096K, 100% used [0x00000000d5580000,0x00000000e5380000,0x00000000e5380000)
  from space 15872K, 0% used [0x00000000e5380000,0x00000000e5380000,0x00000000e6300000)
  to   space 14848K, 0% used [0x00000000f0200000,0x00000000f0200000,0x00000000f1080000)
 ParOldGen       total 77312K, used 14354K [0x0000000080000000, 0x0000000084b80000, 0x00000000d5580000)
  object space 77312K, 18% used [0x0000000080000000,0x0000000080e04b98,0x0000000084b80000)
 Metaspace       used 50901K, capacity 53098K, committed 53336K, reserved 1095680K
  class space    used 6782K, capacity 7244K, committed 7296K, reserved 1048576K
Event: 9.355 GC heap after
Heap after GC invocations=10 (full 2):
 PSYoungGen      total 411648K, used 14841K [0x00000000d5580000, 0x00000000f1080000, 0x0000000100000000)
  eden space 396800K, 0% used [0x00000000d5580000,0x00000000d5580000,0x00000000ed900000)
  from space 14848K, 99% used [0x00000000f0200000,0x00000000f107e648,0x00000000f1080000)
  to   space 21504K, 0% used [0x00000000ee680000,0x00000000ee680000,0x00000000efb80000)
 ParOldGen       total 77312K, used 24167K [0x0000000080000000, 0x0000000084b80000, 0x00000000d5580000)
  object space 77312K, 31% used [0x0000000080000000,0x0000000081799fd0,0x0000000084b80000)
 Metaspace       used 50901K, capacity 53098K, committed 53336K, reserved 1095680K
  class space    used 6782K, capacity 7244K, committed 7296K, reserved 1048576K
}
Event: 10.516 GC heap before
{Heap before GC invocations=11 (full 2):
 PSYoungGen      total 411648K, used 89650K [0x00000000d5580000, 0x00000000f1080000, 0x0000000100000000)
  eden space 396800K, 18% used [0x00000000d5580000,0x00000000d9e8e550,0x00000000ed900000)
  from space 14848K, 99% used [0x00000000f0200000,0x00000000f107e648,0x00000000f1080000)
  to   space 21504K, 0% used [0x00000000ee680000,0x00000000ee680000,0x00000000efb80000)
 ParOldGen       total 77312K, used 24167K [0x0000000080000000, 0x0000000084b80000, 0x00000000d5580000)
  object space 77312K, 31% used [0x0000000080000000,0x0000000081799fd0,0x0000000084b80000)
 Metaspace       used 56457K, capacity 58820K, committed 58968K, reserved 1099776K
  class space    used 7452K, capacity 7937K, committed 8064K, reserved 1048576K
Event: 10.546 GC heap after
Heap after GC invocations=11 (full 2):
 PSYoungGen      total 432128K, used 21177K [0x00000000d5580000, 0x00000000f8080000, 0x0000000100000000)
  eden space 410624K, 0% used [0x00000000d5580000,0x00000000d5580000,0x00000000ee680000)
  from space 21504K, 98% used [0x00000000ee680000,0x00000000efb2e470,0x00000000efb80000)
  to   space 24576K, 0% used [0x00000000f6880000,0x00000000f6880000,0x00000000f8080000)
 ParOldGen       total 77312K, used 24175K [0x0000000080000000, 0x0000000084b80000, 0x00000000d5580000)
  object space 77312K, 31% used [0x0000000080000000,0x000000008179bfd0,0x0000000084b80000)
 Metaspace       used 56457K, capacity 58820K, committed 58968K, reserved 1099776K
  class space    used 7452K, capacity 7937K, committed 8064K, reserved 1048576K
}
Event: 10.546 GC heap before
{Heap before GC invocations=12 (full 3):
 PSYoungGen      total 432128K, used 21177K [0x00000000d5580000, 0x00000000f8080000, 0x0000000100000000)
  eden space 410624K, 0% used [0x00000000d5580000,0x00000000d5580000,0x00000000ee680000)
  from space 21504K, 98% used [0x00000000ee680000,0x00000000efb2e470,0x00000000efb80000)
  to   space 24576K, 0% used [0x00000000f6880000,0x00000000f6880000,0x00000000f8080000)
 ParOldGen       total 77312K, used 24175K [0x0000000080000000, 0x0000000084b80000, 0x00000000d5580000)
  object space 77312K, 31% used [0x0000000080000000,0x000000008179bfd0,0x0000000084b80000)
 Metaspace       used 56457K, capacity 58820K, committed 58968K, reserved 1099776K
  class space    used 7452K, capacity 7937K, committed 8064K, reserved 1048576K
Event: 10.780 GC heap after
Heap after GC invocations=12 (full 3):
 PSYoungGen      total 432128K, used 0K [0x00000000d5580000, 0x00000000f8080000, 0x0000000100000000)
  eden space 410624K, 0% used [0x00000000d5580000,0x00000000d5580000,0x00000000ee680000)
  from space 21504K, 0% used [0x00000000ee680000,0x00000000ee680000,0x00000000efb80000)
  to   space 24576K, 0% used [0x00000000f6880000,0x00000000f6880000,0x00000000f8080000)
 ParOldGen       total 117760K, used 33660K [0x0000000080000000, 0x0000000087300000, 0x00000000d5580000)
  object space 117760K, 28% used [0x0000000080000000,0x00000000820df3c0,0x0000000087300000)
 Metaspace       used 56431K, capacity 58736K, committed 58968K, reserved 1099776K
  class space    used 7443K, capacity 7922K, committed 8064K, reserved 1048576K
}
Event: 19.329 GC heap before
{Heap before GC invocations=13 (full 3):
 PSYoungGen      total 432128K, used 410624K [0x00000000d5580000, 0x00000000f8080000, 0x0000000100000000)
  eden space 410624K, 100% used [0x00000000d5580000,0x00000000ee680000,0x00000000ee680000)
  from space 21504K, 0% used [0x00000000ee680000,0x00000000ee680000,0x00000000efb80000)
  to   space 24576K, 0% used [0x00000000f6880000,0x00000000f6880000,0x00000000f8080000)
 ParOldGen       total 117760K, used 33660K [0x0000000080000000, 0x0000000087300000, 0x00000000d5580000)
  object space 117760K, 28% used [0x0000000080000000,0x00000000820df3c0,0x0000000087300000)
 Metaspace       used 81467K, capacity 85336K, committed 85464K, reserved 1122304K
  class space    used 10943K, capacity 11776K, committed 11776K, reserved 1048576K
Event: 19.409 GC heap after
Heap after GC invocations=13 (full 3):
 PSYoungGen      total 535552K, used 24561K [0x00000000d5580000, 0x00000000f8a80000, 0x0000000100000000)
  eden space 510976K, 0% used [0x00000000d5580000,0x00000000d5580000,0x00000000f4880000)
  from space 24576K, 99% used [0x00000000f6880000,0x00000000f807c518,0x00000000f8080000)
  to   space 32768K, 0% used [0x00000000f4880000,0x00000000f4880000,0x00000000f6880000)
 ParOldGen       total 117760K, used 45286K [0x0000000080000000, 0x0000000087300000, 0x00000000d5580000)
  object space 117760K, 38% used [0x0000000080000000,0x0000000082c39be0,0x0000000087300000)
 Metaspace       used 81467K, capacity 85336K, committed 85464K, reserved 1122304K
  class space    used 10943K, capacity 11776K, committed 11776K, reserved 1048576K
}
Event: 1062.218 GC heap before
{Heap before GC invocations=14 (full 3):
 PSYoungGen      total 535552K, used 535537K [0x00000000d5580000, 0x00000000f8a80000, 0x0000000100000000)
  eden space 510976K, 100% used [0x00000000d5580000,0x00000000f4880000,0x00000000f4880000)
  from space 24576K, 99% used [0x00000000f6880000,0x00000000f807c518,0x00000000f8080000)
  to   space 32768K, 0% used [0x00000000f4880000,0x00000000f4880000,0x00000000f6880000)
 ParOldGen       total 117760K, used 45286K [0x0000000080000000, 0x0000000087300000, 0x00000000d5580000)
  object space 117760K, 38% used [0x0000000080000000,0x0000000082c39be0,0x0000000087300000)
 Metaspace       used 87278K, capacity 92112K, committed 92120K, reserved 1128448K
  class space    used 11512K, capacity 12543K, committed 12544K, reserved 1048576K
Event: 1062.282 GC heap after
Heap after GC invocations=14 (full 3):
 PSYoungGen      total 543744K, used 32738K [0x00000000d5580000, 0x0000000100000000, 0x0000000100000000)
  eden space 510976K, 0% used [0x00000000d5580000,0x00000000d5580000,0x00000000f4880000)
  from space 32768K, 99% used [0x00000000f4880000,0x00000000f68788d8,0x00000000f6880000)
  to   space 45056K, 0% used [0x00000000fd400000,0x00000000fd400000,0x0000000100000000)
 ParOldGen       total 117760K, used 65153K [0x0000000080000000, 0x0000000087300000, 0x00000000d5580000)
  object space 117760K, 55% used [0x0000000080000000,0x0000000083fa07d0,0x0000000087300000)
 Metaspace       used 87278K, capacity 92112K, committed 92120K, reserved 1128448K
  class space    used 11512K, capacity 12543K, committed 12544K, reserved 1048576K
}

Deoptimization events (10 events):
Event: 1064.163 Thread 0x000000001fab6000 Uncommon trap: reason=bimorphic action=maybe_recompile pc=0x00000000046ac258 method=com.sun.org.apache.xerces.internal.dom.ParentNode.checkNormalizationAfterInsert(Lcom/sun/org/apache/xerces/internal/dom/ChildNode;)V @ 23
Event: 1064.163 Thread 0x000000001fab6000 Uncommon trap: reason=bimorphic action=maybe_recompile pc=0x00000000057901f4 method=com.sun.org.apache.xerces.internal.dom.ParentNode.checkNormalizationAfterInsert(Lcom/sun/org/apache/xerces/internal/dom/ChildNode;)V @ 23
Event: 1064.166 Thread 0x000000001fab6000 Uncommon trap: reason=bimorphic action=maybe_recompile pc=0x00000000059cb76c method=com.sun.org.apache.xerces.internal.dom.ElementImpl.getAttributes()Lorg/w3c/dom/NamedNodeMap; @ 8
Event: 1064.166 Thread 0x000000001fab6000 Uncommon trap: reason=bimorphic action=maybe_recompile pc=0x00000000059cb76c method=com.sun.org.apache.xerces.internal.dom.ElementImpl.getAttributes()Lorg/w3c/dom/NamedNodeMap; @ 8
Event: 1064.166 Thread 0x000000001fab6000 Uncommon trap: reason=bimorphic action=maybe_recompile pc=0x00000000059cb76c method=com.sun.org.apache.xerces.internal.dom.ElementImpl.getAttributes()Lorg/w3c/dom/NamedNodeMap; @ 8
Event: 1064.166 Thread 0x000000001fab6000 Uncommon trap: reason=bimorphic action=maybe_recompile pc=0x00000000059cb76c method=com.sun.org.apache.xerces.internal.dom.ElementImpl.getAttributes()Lorg/w3c/dom/NamedNodeMap; @ 8
Event: 1064.190 Thread 0x000000001fab6000 Uncommon trap: reason=null_check action=make_not_entrant pc=0x0000000003847f8c method=com.sun.org.apache.xerces.internal.dom.NamedNodeMapImpl.findNamePoint(Ljava/lang/String;Ljava/lang/String;)I @ 105
Event: 1064.197 Thread 0x000000001fab6000 Uncommon trap: reason=unstable_if action=reinterpret pc=0x0000000004d85e5c method=com.android.utils.XmlUtils.toXmlAttributeValue(Ljava/lang/String;)Ljava/lang/String; @ 33
Event: 1064.198 Thread 0x000000001fab6000 Uncommon trap: reason=unstable_if action=reinterpret pc=0x0000000005a34b94 method=com.android.utils.XmlUtils.append(Lcom/android/utils/XmlUtils$PositionAwareStringBuilder;Lorg/w3c/dom/Node;Ljava/util/Map;Ljava/util/Set;)V @ 540
Event: 1064.234 Thread 0x000000001fab6000 Uncommon trap: reason=unstable_if action=reinterpret pc=0x00000000051099b0 method=java.lang.Character.isSurrogate(C)Z @ 3

Classes redefined (0 events):
No events

Internal exceptions (10 events):
Event: 1062.918 Thread 0x000000001fab0000 Exception <a 'java/io/FileNotFoundException'> (0x00000000d8170b88) thrown at [C:\src\AOSP-openjdk-git\hotspot\src\share\vm\prims\jni.cpp, line 710]
Event: 1062.969 Thread 0x000000001fab0000 Exception <a 'java/io/FileNotFoundException'> (0x00000000d82b43c0) thrown at [C:\src\AOSP-openjdk-git\hotspot\src\share\vm\prims\jni.cpp, line 710]
Event: 1063.080 Thread 0x000000001fab6000 Implicit null exception at 0x0000000004b9ab32 to 0x0000000004b9b315
Event: 1063.362 Thread 0x000000001fab6000 Implicit null exception at 0x000000000592161f to 0x0000000005923b49
Event: 1064.190 Thread 0x000000001fab6000 Implicit null exception at 0x0000000003847cb8 to 0x0000000003847f79
Event: 1064.198 Thread 0x000000001fab6000 Implicit null exception at 0x0000000005a36e79 to 0x0000000005a34b65
Event: 1064.376 Thread 0x000000001fab6000 Exception <a 'java/lang/NoSuchMethodError': <clinit>> (0x00000000dacb49c8) thrown at [C:\src\AOSP-openjdk-git\hotspot\src\share\vm\prims\jni.cpp, line 1615]
Event: 1064.377 Thread 0x000000001fab6000 Exception <a 'java/lang/NoSuchMethodError': <clinit>> (0x00000000dacc8718) thrown at [C:\src\AOSP-openjdk-git\hotspot\src\share\vm\prims\jni.cpp, line 1615]
Event: 1064.380 Thread 0x000000001fab6000 Exception <a 'java/lang/NoSuchMethodError': <clinit>> (0x00000000dacdf868) thrown at [C:\src\AOSP-openjdk-git\hotspot\src\share\vm\prims\jni.cpp, line 1615]
Event: 1064.381 Thread 0x000000001fab6000 Exception <a 'java/lang/NoSuchMethodError': <clinit>> (0x00000000daced5e0) thrown at [C:\src\AOSP-openjdk-git\hotspot\src\share\vm\prims\jni.cpp, line 1615]

Events (10 events):
Event: 1064.719 loading class com/google/common/io/Closeables
Event: 1064.719 loading class com/google/common/io/Closeables done
Event: 1064.720 Executing VM operation: RevokeBias
Event: 1064.720 Executing VM operation: RevokeBias done
Event: 1064.720 Executing VM operation: RevokeBias
Event: 1064.720 Executing VM operation: RevokeBias done
Event: 1064.720 Thread 0x0000000021654800 Thread exited: 0x0000000021654800
Event: 1064.721 Executing VM operation: RevokeBias
Event: 1064.721 Executing VM operation: RevokeBias done
Event: 1064.721 Executing VM operation: RevokeBias


Dynamic libraries:
0x00007ff6492b0000 - 0x00007ff6492e1000 	C:\Program Files\Android\Android Studio\jre\bin\java.exe
0x00007fffce1c0000 - 0x00007fffce3b0000 	C:\WINDOWS\SYSTEM32\ntdll.dll
0x00007fffcd470000 - 0x00007fffcd522000 	C:\WINDOWS\System32\KERNEL32.DLL
0x00007fffcbdb0000 - 0x00007fffcc055000 	C:\WINDOWS\System32\KERNELBASE.dll
0x00007fffcce70000 - 0x00007fffccf13000 	C:\WINDOWS\System32\ADVAPI32.dll
0x00007fffcd280000 - 0x00007fffcd31e000 	C:\WINDOWS\System32\msvcrt.dll
0x00007fffcd070000 - 0x00007fffcd107000 	C:\WINDOWS\System32\sechost.dll
0x00007fffcc270000 - 0x00007fffcc390000 	C:\WINDOWS\System32\RPCRT4.dll
0x00007fffccaa0000 - 0x00007fffccc34000 	C:\WINDOWS\System32\USER32.dll
0x00007fffcc1a0000 - 0x00007fffcc1c1000 	C:\WINDOWS\System32\win32u.dll
0x00007fffce150000 - 0x00007fffce176000 	C:\WINDOWS\System32\GDI32.dll
0x00007fffcb1c0000 - 0x00007fffcb356000 	C:\WINDOWS\System32\gdi32full.dll
0x00007fffcc1d0000 - 0x00007fffcc26e000 	C:\WINDOWS\System32\msvcp_win.dll
0x00007fffcb360000 - 0x00007fffcb45a000 	C:\WINDOWS\System32\ucrtbase.dll
0x00007fffbb320000 - 0x00007fffbb5a4000 	C:\WINDOWS\WinSxS\amd64_microsoft.windows.common-controls_6595b64144ccf1df_6.0.18362.1198_none_9e820b57e45ad92f\COMCTL32.dll
0x00007fffcde10000 - 0x00007fffce145000 	C:\WINDOWS\System32\combase.dll
0x00007fffcb140000 - 0x00007fffcb1c0000 	C:\WINDOWS\System32\bcryptPrimitives.dll
0x00007fffcd1f0000 - 0x00007fffcd21e000 	C:\WINDOWS\System32\IMM32.DLL
0x0000000055270000 - 0x0000000055342000 	C:\Program Files\Android\Android Studio\jre\jre\bin\msvcr100.dll
0x0000000055430000 - 0x0000000055c7b000 	C:\Program Files\Android\Android Studio\jre\jre\bin\server\jvm.dll
0x00007fffcd460000 - 0x00007fffcd468000 	C:\WINDOWS\System32\PSAPI.DLL
0x00007fffb6840000 - 0x00007fffb6849000 	C:\WINDOWS\SYSTEM32\WSOCK32.dll
0x00007fffccfa0000 - 0x00007fffcd00f000 	C:\WINDOWS\System32\WS2_32.dll
0x00007fffc8ca0000 - 0x00007fffc8cc4000 	C:\WINDOWS\SYSTEM32\WINMM.dll
0x00007fffbbb40000 - 0x00007fffbbb4a000 	C:\WINDOWS\SYSTEM32\VERSION.dll
0x00007fffc8c70000 - 0x00007fffc8c9d000 	C:\WINDOWS\SYSTEM32\WINMMBASE.dll
0x00007fffcbd40000 - 0x00007fffcbd8a000 	C:\WINDOWS\System32\cfgmgr32.dll
0x00007fffc7460000 - 0x00007fffc746f000 	C:\Program Files\Android\Android Studio\jre\jre\bin\verify.dll
0x00007fffbaf40000 - 0x00007fffbaf69000 	C:\Program Files\Android\Android Studio\jre\jre\bin\java.dll
0x00007fffc4400000 - 0x00007fffc4416000 	C:\Program Files\Android\Android Studio\jre\jre\bin\zip.dll
0x00007fffcd670000 - 0x00007fffcdd57000 	C:\WINDOWS\System32\SHELL32.dll
0x00007fffccc40000 - 0x00007fffccce9000 	C:\WINDOWS\System32\shcore.dll
0x00007fffcb460000 - 0x00007fffcbbe1000 	C:\WINDOWS\System32\windows.storage.dll
0x00007fffcb0f0000 - 0x00007fffcb113000 	C:\WINDOWS\System32\profapi.dll
0x00007fffcb080000 - 0x00007fffcb0ca000 	C:\WINDOWS\System32\powrprof.dll
0x00007fffcb070000 - 0x00007fffcb080000 	C:\WINDOWS\System32\UMPDC.dll
0x00007fffcd010000 - 0x00007fffcd062000 	C:\WINDOWS\System32\shlwapi.dll
0x00007fffcb0d0000 - 0x00007fffcb0e1000 	C:\WINDOWS\System32\kernel.appcore.dll
0x00007fffcbd90000 - 0x00007fffcbda7000 	C:\WINDOWS\System32\cryptsp.dll
0x00007fffc1df0000 - 0x00007fffc1e0a000 	C:\Program Files\Android\Android Studio\jre\jre\bin\net.dll
0x00007fffca860000 - 0x00007fffca8c7000 	C:\WINDOWS\system32\mswsock.dll
0x00007fffba810000 - 0x00007fffba823000 	C:\Program Files\Android\Android Studio\jre\jre\bin\nio.dll
0x00007fffb41e0000 - 0x00007fffb4207000 	C:\Users\Landon W\.gradle\native\f6784746aeab05261644944871eae4fe03e0ef1612fff0a4a95f87b438bc6780\windows-amd64\native-platform.dll
0x00007fffc7450000 - 0x00007fffc745d000 	C:\Program Files\Android\Android Studio\jre\jre\bin\management.dll
0x00007fffca3d0000 - 0x00007fffca403000 	C:\WINDOWS\system32\rsaenh.dll
0x00007fffcc0c0000 - 0x00007fffcc0e6000 	C:\WINDOWS\System32\bcrypt.dll
0x00007fffcaf90000 - 0x00007fffcafb5000 	C:\WINDOWS\SYSTEM32\USERENV.dll
0x00007fffcaa30000 - 0x00007fffcaa3c000 	C:\WINDOWS\SYSTEM32\CRYPTBASE.dll
0x00007fffca570000 - 0x00007fffca5aa000 	C:\WINDOWS\SYSTEM32\IPHLPAPI.DLL
0x00007fffcce50000 - 0x00007fffcce58000 	C:\WINDOWS\System32\NSI.dll
0x00007fffc9680000 - 0x00007fffc9696000 	C:\WINDOWS\SYSTEM32\dhcpcsvc6.DLL
0x00007fffc9660000 - 0x00007fffc967c000 	C:\WINDOWS\SYSTEM32\dhcpcsvc.DLL
0x00007fffca5b0000 - 0x00007fffca67b000 	C:\WINDOWS\SYSTEM32\DNSAPI.dll
0x00007fffc6b20000 - 0x00007fffc6b2b000 	C:\WINDOWS\SYSTEM32\WINNSI.DLL
0x00007fff8e650000 - 0x00007fff8e7ec000 	C:\Program Files\Android\Android Studio\jre\jre\bin\awt.dll
0x00007fffcd390000 - 0x00007fffcd455000 	C:\WINDOWS\System32\OLEAUT32.dll
0x00007fffc9370000 - 0x00007fffc939d000 	C:\WINDOWS\SYSTEM32\dwmapi.dll
0x00007fffc7700000 - 0x00007fffc7cc0000 	C:\WINDOWS\SYSTEM32\d2d1.dll
0x00007fffc8e40000 - 0x00007fffc8ecf000 	C:\WINDOWS\SYSTEM32\apphelp.dll
0x00007fffc8f40000 - 0x00007fffc8fd9000 	C:\WINDOWS\system32\uxtheme.dll

VM Arguments:
jvm_args: -Xmx2048m -Dfile.encoding=UTF-8 -Duser.country=US -Duser.language=en -Duser.variant 
java_command: org.gradle.launcher.daemon.bootstrap.GradleDaemon 6.5
java_class_path (initial): C:\Users\Landon W\.gradle\wrapper\dists\gradle-6.5-bin\6nifqtx7604sqp1q6g8wikw7p\gradle-6.5\lib\gradle-launcher-6.5.jar
Launcher Type: SUN_STANDARD

Environment Variables:
PATH=C:\Program Files (x86)\Common Files\Oracle\Java\javapath;C:\ProgramData\Oracle\Java\javapath;C:\Program Files (x86)\Intel\iCLS Client\;C:\Program Files\Intel\iCLS Client\;C:\WINDOWS\system32;C:\WINDOWS;C:\WINDOWS\System32\Wbem;C:\WINDOWS\System32\WindowsPowerShell\v1.0\;C:\WINDOWS\System32\OpenSSH\;C:\Program Files (x86)\Intel\Intel(R) Management Engine Components\DAL;C:\Program Files\Intel\Intel(R) Management Engine Components\DAL;C:\Program Files (x86)\Intel\Intel(R) Management Engine Components\IPT;C:\Program Files\Intel\Intel(R) Management Engine Components\IPT;C:\Program Files\Intel\WiFi\bin\;C:\Program Files\Common Files\Intel\WirelessCommon\;C:\Program Files\PuTTY\;C:\Users\Landon W\AppData\Local\Programs\Python\Launcher\;C:\Users\Landon W\AppData\Local\Microsoft\WindowsApps;;C:\Users\Landon W\Documents\Python\PyCharm Community Edition 2019.3.1\bin;
USERNAME=Landon W
OS=Windows_NT
PROCESSOR_IDENTIFIER=Intel64 Family 6 Model 142 Stepping 9, GenuineIntel



---------------  S Y S T E M  ---------------

OS: Windows 10.0 , 64 bit Build 18362 (10.0.18362.1110)

CPU:total 4 (initial active 4) (2 cores per cpu, 2 threads per core) family 6 model 142 stepping 9, cmov, cx8, fxsr, mmx, sse, sse2, sse3, ssse3, sse4.1, sse4.2, popcnt, avx, avx2, aes, clmul, erms, 3dnowpref, lzcnt, ht, tsc, tscinvbit, bmi1, bmi2, adx

Memory: 4k page, physical 8271076k(858332k free), swap 10319076k(5180k free)

vm_info: OpenJDK 64-Bit Server VM (25.242-b01) for windows-amd64 JRE (1.8.0_242-release-1644-b01), built by "builder" with MS VC++ 10.0 (VS2010)

time: Sat Nov 21 20:44:45 2020
timezone: Eastern Standard Time
elapsed time: 1064 seconds (0d 0h 17m 44s)

